<?xml version="1.0" encoding="UTF-8"?>
<!-- Generated by org.testng.reporters.JUnitReportReporter -->
<testsuite skipped="0" hostname="WKWUS0915228" name="AZ.AtoZ.AzonSRC" tests="1" failures="0" timestamp="01 Nov 2022 18:51:50 GMT" time="3.731" errors="0">
  <testcase name="f" time="3.731" classname="AZ.AtoZ.AzonSRC"/>
</testsuite> <!-- AZ.AtoZ.AzonSRC -->
